SF:lib/src/utils/platform_environment.dart
DA:6,1
DA:23,2
DA:26,1
DA:27,2
DA:29,2
DA:30,2
DA:31,6
DA:37,2
DA:38,2
LF:9
LH:9
end_of_record
SF:lib/src/utils/runtime_environment_info.dart
DA:10,1
DA:12,1
DA:15,1
DA:16,2
LF:4
LH:4
end_of_record
SF:lib/src/widget_driver.dart
DA:70,1
DA:72,1
DA:74,1
DA:75,2
DA:76,2
DA:80,1
DA:82,2
DA:83,1
DA:86,1
DA:87,1
DA:88,2
DA:94,0
DA:96,0
DA:99,0
DA:101,0
DA:103,0
LF:16
LH:11
end_of_record
SF:lib/src/flow_coordinator.dart
DA:11,0
LF:1
LH:0
end_of_record
SF:lib/src/drivable_widget.dart
DA:15,1
DA:18,0
DA:19,1
DA:29,3
DA:36,1
DA:38,1
DA:44,1
DA:46,2
DA:47,1
DA:51,1
DA:53,1
DA:54,3
DA:55,2
DA:58,1
DA:60,1
DA:61,0
DA:65,1
DA:66,0
DA:68,1
DA:71,2
DA:72,1
DA:73,2
DA:77,1
DA:81,1
DA:82,3
DA:85,1
DA:86,3
DA:89,0
DA:93,0
DA:99,0
LF:30
LH:24
end_of_record
SF:lib/src/mock_driver_provider.dart
DA:23,0
DA:28,0
DA:34,0
DA:35,0
DA:36,0
DA:39,0
DA:41,0
LF:7
LH:0
end_of_record
SF:lib/src/empty_flow_coordinator.dart
DA:5,0
LF:1
LH:0
end_of_record
